This is pdfTeX, Version 3.1415926-1.40.10 (TeX Live 2009/Debian) (format=pdflatex 2013.9.5)  3 JUN 2015 19:18
entering extended mode
 %&-line parsing enabled.
**thesis.tex
(./thesis.tex
LaTeX2e <2009/09/24>
Babel <v3.8l> and hyphenation patterns for english, usenglishmax, dumylang, noh
yphenation, loaded.
(/usr/share/texmf-texlive/tex/latex/base/report.cls
Document Class: report 2007/10/19 v1.4h Standard LaTeX document class
(/usr/share/texmf-texlive/tex/latex/base/size12.clo
File: size12.clo 2007/10/19 v1.4h Standard LaTeX file (size option)
)
\c@part=\count79
\c@chapter=\count80
\c@section=\count81
\c@subsection=\count82
\c@subsubsection=\count83
\c@paragraph=\count84
\c@subparagraph=\count85
\c@figure=\count86
\c@table=\count87
\abovecaptionskip=\skip41
\belowcaptionskip=\skip42
\bibindent=\dimen102
) (./thesis.sty
(/usr/share/texmf-texlive/tex/latex/graphics/graphicx.sty
Package: graphicx 1999/02/16 v1.0f Enhanced LaTeX Graphics (DPC,SPQR)

(/usr/share/texmf-texlive/tex/latex/graphics/keyval.sty
Package: keyval 1999/03/16 v1.13 key=value parser (DPC)
\KV@toks@=\toks14
)
(/usr/share/texmf-texlive/tex/latex/graphics/graphics.sty
Package: graphics 2009/02/05 v1.0o Standard LaTeX Graphics (DPC,SPQR)

(/usr/share/texmf-texlive/tex/latex/graphics/trig.sty
Package: trig 1999/03/16 v1.09 sin cos tan (DPC)
)
(/etc/texmf/tex/latex/config/graphics.cfg
File: graphics.cfg 2009/08/28 v1.8 graphics configuration of TeX Live
)
Package graphics Info: Driver file: pdftex.def on input line 91.

(/usr/share/texmf-texlive/tex/latex/pdftex-def/pdftex.def
File: pdftex.def 2010/03/12 v0.04p Graphics/color for pdfTeX
\Gread@gobject=\count88
))
\Gin@req@height=\dimen103
\Gin@req@width=\dimen104
)
(/usr/share/texmf-texlive/tex/latex/base/latexsym.sty
Package: latexsym 1998/08/17 v2.2e Standard LaTeX package (lasy symbols)
\symlasy=\mathgroup4
LaTeX Font Info:    Overwriting symbol font `lasy' in version `bold'
(Font)                  U/lasy/m/n --> U/lasy/b/n on input line 47.
)
(/usr/share/texmf-texlive/tex/latex/rotating/rotating.sty
Package: rotating 2009/03/28 v2.16a rotated objects in LaTeX

(/usr/share/texmf-texlive/tex/latex/base/ifthen.sty
Package: ifthen 2001/05/26 v1.1c Standard LaTeX ifthen package (DPC)
)
\c@r@tfl@t=\count89
\rotFPtop=\skip43
\rotFPbot=\skip44
\rot@float@box=\box26
\rot@mess@toks=\toks15
) (./nth.sty
Package: nth 2002/02/27
)
\c@cor=\count90
\c@thm=\count91
)
(/usr/share/texmf-texlive/tex/latex/listings/listings.sty
\lst@mode=\count92
\lst@gtempboxa=\box27
\lst@token=\toks16
\lst@length=\count93
\lst@currlwidth=\dimen105
\lst@column=\count94
\lst@pos=\count95
\lst@lostspace=\dimen106
\lst@width=\dimen107
\lst@newlines=\count96
\lst@lineno=\count97
\lst@maxwidth=\dimen108

(/usr/share/texmf-texlive/tex/latex/listings/lstmisc.sty
File: lstmisc.sty 2007/02/22 1.4 (Carsten Heinz)
\c@lstnumber=\count98
\lst@skipnumbers=\count99
\lst@framebox=\box28
)
(/usr/share/texmf-texlive/tex/latex/listings/listings.cfg
File: listings.cfg 2007/02/22 1.4 listings configuration
))
Package: listings 2007/02/22 1.4 (Carsten Heinz)
 (./thesis.aux
(./abstract.aux) (./acknowledgments.aux) (./Chapters/chap1.aux)
(./Chapters/chap2.aux) (./Chapters/chap3.aux) (./Chapters/chap4.aux)
(./Chapters/chap5.aux) (./Chapters/chap6.aux) (./Chapters/chap7.aux)
(./Chapters/chap8.aux) (./Chapters/Appendix/apdxa.aux)
(./Chapters/Appendix/apdxb.aux))
\openout1 = `thesis.aux'.

LaTeX Font Info:    Checking defaults for OML/cmm/m/it on input line 44.
LaTeX Font Info:    ... okay on input line 44.
LaTeX Font Info:    Checking defaults for T1/cmr/m/n on input line 44.
LaTeX Font Info:    ... okay on input line 44.
LaTeX Font Info:    Checking defaults for OT1/cmr/m/n on input line 44.
LaTeX Font Info:    ... okay on input line 44.
LaTeX Font Info:    Checking defaults for OMS/cmsy/m/n on input line 44.
LaTeX Font Info:    ... okay on input line 44.
LaTeX Font Info:    Checking defaults for OMX/cmex/m/n on input line 44.
LaTeX Font Info:    ... okay on input line 44.
LaTeX Font Info:    Checking defaults for U/cmr/m/n on input line 44.
LaTeX Font Info:    ... okay on input line 44.

(/usr/share/texmf-texlive/tex/context/base/supp-pdf.mkii
[Loading MPS to PDF converter (version 2006.09.02).]
\scratchcounter=\count100
\scratchdimen=\dimen109
\scratchbox=\box29
\nofMPsegments=\count101
\nofMParguments=\count102
\everyMPshowfont=\toks17
\MPscratchCnt=\count103
\MPscratchDim=\dimen110
\MPnumerator=\count104
\everyMPtoPDFconversion=\toks18
)
\c@lstlisting=\count105
 <Images/iiitb_logo.png, id=1, 586.44093pt x 486.31688pt>
File: Images/iiitb_logo.png Graphic file (type png)

<use Images/iiitb_logo.png> [1

{/var/lib/texmf/fonts/map/pdftex/updmap/pdftex.map} <./Images/iiitb_logo.png (P
NG copy)>]
Underfull \hbox (badness 10000) in paragraph at lines 46--46

 []

LaTeX Font Info:    External font `cmex10' loaded for size
(Font)              <12> on input line 46.
LaTeX Font Info:    External font `cmex10' loaded for size
(Font)              <8> on input line 46.
LaTeX Font Info:    External font `cmex10' loaded for size
(Font)              <6> on input line 46.
LaTeX Font Info:    Try loading font information for U+lasy on input line 46.
(/usr/share/texmf-texlive/tex/latex/base/ulasy.fd
File: ulasy.fd 1998/08/17 v2.2e LaTeX symbol font definitions
) [2]
\openout2 = `abstract.aux'.

 (./abstract.tex)
[3

]
\openout2 = `acknowledgments.aux'.

 (./acknowledgments.tex) [4


] (./thesis.toc [5


] [6])
\tf@toc=\write3
\openout3 = `thesis.toc'.

 [7] (./thesis.lof
[8

] [9])
\tf@lof=\write4
\openout4 = `thesis.lof'.

 [10] (./thesis.lot)
\tf@lot=\write5
\openout5 = `thesis.lot'.

 [11

]
\openout2 = `Chapters/chap1.aux'.

 (./Chapters/chap1.tex
Chapter 1.
Missing character: There is no ‚ in font cmr12!
Missing character: There is no Ä in font cmr12!
Missing character: There is no ú in font cmr12!
Missing character: There is no ‚ in font cmr12!
Missing character: There is no Ä in font cmr12!
Missing character: There is no ù in font cmr12!
(/usr/share/texmf-texlive/tex/latex/listings/lstlang1.sty
File: lstlang1.sty 2004/09/05 1.3 listings language file
)
(/usr/share/texmf-texlive/tex/latex/listings/lstmisc.sty
File: lstmisc.sty 2007/02/22 1.4 (Carsten Heinz)
)
LaTeX Font Info:    Font shape `OT1/cmtt/bx/n' in size <10.95> not available
(Font)              Font shape `OT1/cmtt/m/n' tried instead on input line 10.

(/usr/share/texmf-texlive/tex/latex/listings/lstlang1.sty
File: lstlang1.sty 2004/09/05 1.3 listings language file
) [1



]
(/usr/share/texmf-texlive/tex/latex/listings/lstlang1.sty
File: lstlang1.sty 2004/09/05 1.3 listings language file
) [2]
<Images/scratch.png, id=49, 737.00343pt x 523.9575pt>
File: Images/scratch.png Graphic file (type png)
 <use Images/scratch.png>
[3 <./Images/scratch.png (PNG copy)>]) [4]
\openout2 = `Chapters/chap2.aux'.

 (./Chapters/chap2.tex
Chapter 2.

LaTeX Warning: Citation `eray' on page 5 undefined on input line 5.

<Images/electric_ray.png, id=56, 550.055pt x 483.8075pt>
File: Images/electric_ray.png Graphic file (type png)

<use Images/electric_ray.png>
LaTeX Font Info:    Try loading font information for OMS+cmr on input line 17.

(/usr/share/texmf-texlive/tex/latex/base/omscmr.fd
File: omscmr.fd 1999/05/25 v2.5h Standard LaTeX font definitions
)
LaTeX Font Info:    Font shape `OMS/cmr/m/n' in size <12> not available
(Font)              Font shape `OMS/cmsy/m/n' tried instead on input line 17.
 [5



 <./Images/electric_ray.png (PNG copy)>] [6] [7]
<Images/electric_ray_parts.jpg, id=67, 531.9875pt x 399.4925pt>
File: Images/electric_ray_parts.jpg Graphic file (type jpg)

<use Images/electric_ray_parts.jpg>
<Images/arduino.png, id=68, 1927.2pt x 1084.05pt>
File: Images/arduino.png Graphic file (type png)
 <use Images/arduino.png>

LaTeX Warning: `h' float specifier changed to `ht'.

[8 <./Images/electric_ray_parts.jpg>]) [9 <./Images/arduino.png (PNG copy)>]
\openout2 = `Chapters/chap3.aux'.


(./Chapters/chap3.tex
Chapter 3.
[10



] <Images/minibloq-blocks.png, id=79, 345.29pt x 463.7325pt>
File: Images/minibloq-blocks.png Graphic file (type png)

<use Images/minibloq-blocks.png>
<Images/minibloq.png, id=80, 655.44875pt x 452.69125pt>
File: Images/minibloq.png Graphic file (type png)

<use Images/minibloq.png>

LaTeX Warning: `h' float specifier changed to `ht'.

[11 <./Images/minibloq-blocks.png (PNG copy)>]
<Images/minibloq-helloworld.png, id=85, 346.29375pt x 52.195pt>
File: Images/minibloq-helloworld.png Graphic file (type png)

<use Images/minibloq-helloworld.png> [12 <./Images/minibloq.png> <./Images/mini
bloq-helloworld.png (PNG copy)>]
<Images/minibloq-code.png, id=90, 261.97874pt x 188.705pt>
File: Images/minibloq-code.png Graphic file (type png)

<use Images/minibloq-code.png>) [13 <./Images/minibloq-code.png (PNG copy)>]
\openout2 = `Chapters/chap4.aux'.


(./Chapters/chap4.tex
Chapter 4.
[14



]) [15]
\openout2 = `Chapters/chap5.aux'.

 (./Chapters/chap5.tex
Chapter 5.
[16



] <Images/marker_tracking.jpg, id=104, 608.2725pt x 305.2203pt>
File: Images/marker_tracking.jpg Graphic file (type jpg)

<use Images/marker_tracking.jpg>
Missing character: There is no ‚ in font cmr12!
Missing character: There is no Ä in font cmr12!
Missing character: There is no ô in font cmr12!
 [17 <./Images/marker_tracking.jpg>] [18]
Overfull \hbox (104.42442pt too wide) in paragraph at lines 43--44
[]\OT1/cmr/m/n/12 the re-sult-ing di-rec-tory struc-ture un-der your project ro
ot should be "/app/src/main/jniLibs/armeabi-
 []

[19] <Images/model.jpg, id=114, 1504.62125pt x 1084.05pt>
File: Images/model.jpg Graphic file (type jpg)

<use Images/model.jpg> [20 <./Images/model.jpg>]
<Images/texture_map.png, id=119, 513.92pt x 513.92pt>
File: Images/texture_map.png Graphic file (type png)

<use Images/texture_map.png>
<Images/textured_model.jpg, id=120, 1499.6025pt x 1084.05pt>
File: Images/textured_model.jpg Graphic file (type jpg)

<use Images/textured_model.jpg>

LaTeX Warning: `h' float specifier changed to `ht'.

) [21 <./Images/texture_map.png>] [22 <./Images/textured_model.jpg>]
\openout2 = `Chapters/chap6.aux'.


(./Chapters/chap6.tex
Chapter 6.
<Images/InBot.png, id=128, 1678.27pt x 1810.765pt>
File: Images/InBot.png Graphic file (type png)
 <use Images/InBot.png>
[23



 <./Images/InBot.png (PNG copy)>]
<Images/parts.jpg, id=132, 803.0pt x 602.25pt>
File: Images/parts.jpg Graphic file (type jpg)
 <use Images/parts.jpg>
Overfull \hbox (34.45917pt too wide) in paragraph at lines 29--58
 [][] 
 []

<Images/Assembly/1a.png, id=133, 518.93875pt x 380.42125pt>
File: Images/Assembly/1a.png Graphic file (type png)

<use Images/Assembly/1a.png>
<Images/Assembly/1b.png, id=134, 422.57875pt x 560.0925pt>
File: Images/Assembly/1b.png Graphic file (type png)

<use Images/Assembly/1b.png> [24 <./Images/parts.jpg>] [25]
<Images/Assembly/2a.png, id=141, 399.4925pt x 488.82625pt>
File: Images/Assembly/2a.png Graphic file (type png)

<use Images/Assembly/2a.png>
<Images/Assembly/2b.png, id=142, 367.3725pt x 521.95pt>
File: Images/Assembly/2b.png Graphic file (type png)

<use Images/Assembly/2b.png>

LaTeX Warning: `h' float specifier changed to `ht'.

<Images/Assembly/3a.png, id=143, 443.6575pt x 428.60126pt>
File: Images/Assembly/3a.png Graphic file (type png)

<use Images/Assembly/3a.png>
<Images/Assembly/3b.png, id=144, 252.945pt x 370.38374pt>
File: Images/Assembly/3b.png Graphic file (type png)

<use Images/Assembly/3b.png>

LaTeX Warning: `h' float specifier changed to `ht'.

<Images/Assembly/4a.png, id=145, 360.34625pt x 552.0625pt>
File: Images/Assembly/4a.png Graphic file (type png)

<use Images/Assembly/4a.png>
<Images/Assembly/4b.png, id=146, 393.47pt x 496.85625pt>
File: Images/Assembly/4b.png Graphic file (type png)

<use Images/Assembly/4b.png>

LaTeX Warning: `h' float specifier changed to `ht'.

<Images/Assembly/5a.png, id=147, 462.72874pt x 443.6575pt>
File: Images/Assembly/5a.png Graphic file (type png)

<use Images/Assembly/5a.png>
<Images/Assembly/5b.png, id=148, 378.41376pt x 494.84875pt>
File: Images/Assembly/5b.png Graphic file (type png)

<use Images/Assembly/5b.png>

LaTeX Warning: `h' float specifier changed to `ht'.

<Images/Assembly/6a.png, id=149, 378.41376pt x 494.84875pt>
File: Images/Assembly/6a.png Graphic file (type png)

<use Images/Assembly/6a.png>
<Images/Assembly/6b.png, id=150, 378.41376pt x 494.84875pt>
File: Images/Assembly/6b.png Graphic file (type png)

<use Images/Assembly/6b.png>

LaTeX Warning: `h' float specifier changed to `ht'.

<Images/Assembly/7a.png, id=151, 457.71pt x 489.83pt>
File: Images/Assembly/7a.png Graphic file (type png)

<use Images/Assembly/7a.png>
<Images/Assembly/7b.png, id=152, 379.4175pt x 493.845pt>
File: Images/Assembly/7b.png Graphic file (type png)

<use Images/Assembly/7b.png>

LaTeX Warning: `h' float specifier changed to `ht'.

<Images/Assembly/8a.png, id=153, 597.23125pt x 413.545pt>
File: Images/Assembly/8a.png Graphic file (type png)

<use Images/Assembly/8a.png>
<Images/Assembly/8b.png, id=154, 471.7625pt x 439.6425pt>
File: Images/Assembly/8b.png Graphic file (type png)

<use Images/Assembly/8b.png>

LaTeX Warning: `h' float specifier changed to `ht'.

<Images/Assembly/9a.png, id=155, 466.74374pt x 466.74374pt>
File: Images/Assembly/9a.png Graphic file (type png)

<use Images/Assembly/9a.png>
<Images/Assembly/9b.png, id=156, 356.33125pt x 493.845pt>
File: Images/Assembly/9b.png Graphic file (type png)

<use Images/Assembly/9b.png>

LaTeX Warning: `h' float specifier changed to `ht'.

<Images/Assembly/10a.png, id=157, 356.33125pt x 493.845pt>
File: Images/Assembly/10a.png Graphic file (type png)

<use Images/Assembly/10a.png>
<Images/Assembly/10b.png, id=158, 356.33125pt x 493.845pt>
File: Images/Assembly/10b.png Graphic file (type png)

<use Images/Assembly/10b.png>

LaTeX Warning: `h' float specifier changed to `ht'.

) [26 <./Images/Assembly/1a.png (PNG copy)> <./Images/Assembly/1b.png (PNG copy
)>] [27 <./Images/Assembly/2a.png (PNG copy)> <./Images/Assembly/2b.png (PNG co
py)>] [28 <./Images/Assembly/3a.png (PNG copy)> <./Images/Assembly/3b.png (PNG 
copy)>] [29 <./Images/Assembly/4a.png (PNG copy)> <./Images/Assembly/4b.png (PN
G copy)>] [30 <./Images/Assembly/5a.png (PNG copy)> <./Images/Assembly/5b.png (
PNG copy)>] [31 <./Images/Assembly/6a.png> <./Images/Assembly/6b.png>] [32 <./I
mages/Assembly/7a.png (PNG copy)> <./Images/Assembly/7b.png (PNG copy)>]
[33 <./Images/Assembly/8a.png (PNG copy)> <./Images/Assembly/8b.png (PNG copy)>
] [34 <./Images/Assembly/9a.png> <./Images/Assembly/9b.png>] [35 <./Images/Asse
mbly/10a.png> <./Images/Assembly/10b.png>]
\openout2 = `Chapters/chap7.aux'.

 (./Chapters/chap7.tex
Chapter 7.
) [36



]
\openout2 = `Chapters/chap8.aux'.

 (./Chapters/chap8.tex
Chapter 8.
) [37



] (./thesis.bbl) [38


]
\openout2 = `Chapters/Appendix/apdxa.aux'.

 (./Chapters/Appendix/apdxa.tex
Appendix A.
<Images/Manual/lesson_1.jpg, id=208, 346.29375pt x 138.5175pt>
File: Images/Manual/lesson_1.jpg Graphic file (type jpg)

<use Images/Manual/lesson_1.jpg> [39


 <./Images/Manual/lesson_1.jpg>]
<Images/Manual/lesson_2.jpg, id=212, 345.29pt x 300.12125pt>
File: Images/Manual/lesson_2.jpg Graphic file (type jpg)

<use Images/Manual/lesson_2.jpg> [40 <./Images/Manual/lesson_2.jpg>]
<Images/Manual/lesson_3.jpg, id=216, 342.27875pt x 381.425pt>
File: Images/Manual/lesson_3.jpg Graphic file (type jpg)

<use Images/Manual/lesson_3.jpg> [41 <./Images/Manual/lesson_3.jpg>]
<Images/Manual/lesson_4.jpg, id=220, 396.48125pt x 425.59pt>
File: Images/Manual/lesson_4.jpg Graphic file (type jpg)

<use Images/Manual/lesson_4.jpg> [42 <./Images/Manual/lesson_4.jpg>]
<Images/Manual/lesson_5.jpg, id=224, 380.42125pt x 345.29pt>
File: Images/Manual/lesson_5.jpg Graphic file (type jpg)

<use Images/Manual/lesson_5.jpg> [43 <./Images/Manual/lesson_5.jpg>]
<Images/Manual/lesson_6.jpg, id=228, 387.4475pt x 341.275pt>
File: Images/Manual/lesson_6.jpg Graphic file (type jpg)

<use Images/Manual/lesson_6.jpg> [44 <./Images/Manual/lesson_6.jpg>]
<Images/Manual/lesson_7.jpg, id=233, 285.065pt x 251.94125pt>
File: Images/Manual/lesson_7.jpg Graphic file (type jpg)

<use Images/Manual/lesson_7.jpg> [45 <./Images/Manual/lesson_7.jpg>]
<Images/Manual/lesson_8.jpg, id=237, 414.54875pt x 512.91624pt>
File: Images/Manual/lesson_8.jpg Graphic file (type jpg)

<use Images/Manual/lesson_8.jpg> [46 <./Images/Manual/lesson_8.jpg>]
<Images/Manual/lesson_9.jpg, id=241, 372.39125pt x 742.775pt>
File: Images/Manual/lesson_9.jpg Graphic file (type jpg)

<use Images/Manual/lesson_9.jpg> [47 <./Images/Manual/lesson_9.jpg>]
<Images/Manual/lesson_10.jpg, id=245, 243.91125pt x 1282.7925pt>
File: Images/Manual/lesson_10.jpg Graphic file (type jpg)

<use Images/Manual/lesson_10.jpg>

LaTeX Warning: `h' float specifier changed to `ht'.

) [48] [49 <./Images/Manual/lesson_10.jpg>]
\openout2 = `Chapters/Appendix/apdxb.aux'.

 (./Chapters/Appendix/apdxb.tex
Appendix B.
) [50



] (./thesis.aux (./abstract.aux) (./acknowledgments.aux)
(./Chapters/chap1.aux) (./Chapters/chap2.aux) (./Chapters/chap3.aux)
(./Chapters/chap4.aux) (./Chapters/chap5.aux) (./Chapters/chap6.aux)
(./Chapters/chap7.aux) (./Chapters/chap8.aux) (./Chapters/Appendix/apdxa.aux)
(./Chapters/Appendix/apdxb.aux))

LaTeX Warning: There were undefined references.

 ) 
Here is how much of TeX's memory you used:
 2929 strings out of 495061
 42515 string characters out of 1182622
 117889 words of memory out of 3000000
 5960 multiletter control sequences out of 15000+50000
 9985 words of font info for 37 fonts, out of 3000000 for 9000
 28 hyphenation exceptions out of 8191
 32i,8n,53p,1035b,1554s stack positions out of 5000i,500n,10000p,200000b,50000s
</usr/share/texmf-texlive/fonts/type1/public/amsfonts/cm/cmbx12.pfb></usr/sha
re/texmf-texlive/fonts/type1/public/amsfonts/cm/cmr12.pfb></usr/share/texmf-tex
live/fonts/type1/public/amsfonts/cm/cmr8.pfb></usr/share/texmf-texlive/fonts/ty
pe1/public/amsfonts/cm/cmsy10.pfb></usr/share/texmf-texlive/fonts/type1/public/
amsfonts/cm/cmti12.pfb></usr/share/texmf-texlive/fonts/type1/public/amsfonts/cm
/cmti8.pfb></usr/share/texmf-texlive/fonts/type1/public/amsfonts/cm/cmtt10.pfb>

Output written on thesis.pdf (61 pages, 11395926 bytes).
PDF statistics:
 281 PDF objects out of 1000 (max. 8388607)
 0 named destinations out of 1000 (max. 500000)
 226 words of extra memory for PDF output out of 10000 (max. 10000000)

